<?xml version="1.0" encoding="UTF-8"?>
<!-- Generated by org.testng.reporters.JUnitXMLReporter -->
<testsuite ignored="0" hostname="DESKTOP-HMKMG6M" failures="0" tests="3" name="Default test" time="32.789" errors="0" timestamp="2023-10-30T09:25:29 IST">
  <testcase classname="com.testcases.VendorPortalTest" name="loginTest" time="13.05"/>
  <testcase classname="com.testcases.VendorPortalTest" name="DashboardTest" time="3.463"/>
  <testcase classname="com.testcases.VendorPortalTest" name="logOut" time="1.439"/>
</testsuite> <!-- Default test -->
