<?xml version="1.0" encoding="UTF-8"?>
<!-- Generated by org.testng.reporters.JUnitXMLReporter -->
<testsuite ignored="0" hostname="DESKTOP-HMKMG6M" failures="0" tests="3" name="Test" time="16.223" errors="0" timestamp="2023-10-30T09:32:09 IST">
  <testcase classname="com.testcases.VendorPortalTest" name="loginTest" time="5.236"/>
  <testcase classname="com.testcases.VendorPortalTest" name="DashboardTest" time="1.66"/>
  <testcase classname="com.testcases.VendorPortalTest" name="logOut" time="1.335"/>
</testsuite> <!-- Test -->
