<?xml version="1.0" encoding="UTF-8"?>
<!-- Generated by org.testng.reporters.JUnitXMLReporter -->
<testsuite ignored="0" hostname="DESKTOP-HMKMG6M" failures="0" tests="5" name="FlightRegistrationTest_3" time="20.14" errors="0" timestamp="2023-10-29T23:02:46 IST">
  <testcase classname="com.testcases.FlightReservationTest" name="registrationflow" time="4.189"/>
  <testcase classname="com.testcases.FlightReservationTest" name="registrationconfirmationflow" time="0.818"/>
  <testcase classname="com.testcases.FlightReservationTest" name="searchingflightsflow" time="3.596"/>
  <testcase classname="com.testcases.FlightReservationTest" name="selectflightsflow" time="7.765"/>
  <testcase classname="com.testcases.FlightReservationTest" name="finalconfirmationflow" time="1.43"/>
</testsuite> <!-- FlightRegistrationTest_3 -->
