<?xml version="1.0" encoding="UTF-8"?>
<!-- Generated by org.testng.reporters.JUnitXMLReporter -->
<testsuite ignored="0" hostname="DESKTOP-HMKMG6M" failures="0" tests="5" name="FlightRegistrationTest_1" time="24.105" errors="0" timestamp="2023-10-29T23:02:06 IST">
  <testcase classname="com.testcases.FlightReservationTest" name="registrationflow" time="4.64"/>
  <testcase classname="com.testcases.FlightReservationTest" name="registrationconfirmationflow" time="1.397"/>
  <testcase classname="com.testcases.FlightReservationTest" name="searchingflightsflow" time="3.781"/>
  <testcase classname="com.testcases.FlightReservationTest" name="selectflightsflow" time="6.077"/>
  <testcase classname="com.testcases.FlightReservationTest" name="finalconfirmationflow" time="1.998"/>
</testsuite> <!-- FlightRegistrationTest_1 -->
