<?xml version="1.0" encoding="UTF-8"?>
<!-- Generated by org.testng.reporters.JUnitXMLReporter -->
<testsuite ignored="0" hostname="DESKTOP-HMKMG6M" failures="0" tests="5" name="FlightRegistrationTest" time="18.546" errors="0" timestamp="2023-10-28T21:18:37 IST">
  <testcase classname="com.testcases.FlightReservationTest" name="registrationflow" time="4.562"/>
  <testcase classname="com.testcases.FlightReservationTest" name="registrationconfirmationflow" time="1.355"/>
  <testcase classname="com.testcases.FlightReservationTest" name="searchingflightsflow" time="3.066"/>
  <testcase classname="com.testcases.FlightReservationTest" name="selectflightsflow" time="1.575"/>
  <testcase classname="com.testcases.FlightReservationTest" name="finalconfirmationflow" time="1.965"/>
</testsuite> <!-- FlightRegistrationTest -->
