<?xml version="1.0" encoding="UTF-8"?>
<!-- Generated by org.testng.reporters.JUnitXMLReporter -->
<testsuite ignored="0" hostname="DESKTOP-HMKMG6M" failures="0" tests="5" name="FlightRegistrationTest_2" time="19.685" errors="0" timestamp="2023-10-29T23:02:26 IST">
  <testcase classname="com.testcases.FlightReservationTest" name="registrationflow" time="4.409"/>
  <testcase classname="com.testcases.FlightReservationTest" name="registrationconfirmationflow" time="0.824"/>
  <testcase classname="com.testcases.FlightReservationTest" name="searchingflightsflow" time="4.152"/>
  <testcase classname="com.testcases.FlightReservationTest" name="selectflightsflow" time="7.193"/>
  <testcase classname="com.testcases.FlightReservationTest" name="finalconfirmationflow" time="0.858"/>
</testsuite> <!-- FlightRegistrationTest_2 -->
