<?xml version="1.0" encoding="UTF-8"?>
<testng-results ignored="0" total="9" passed="9" failed="0" skipped="0">
  <reporter-output>
  </reporter-output>
  <suite started-at="2023-11-14T21:07:51 IST" name="Vendor Suite" finished-at="2023-11-14T21:10:17 IST" duration-ms="146194">
    <groups>
    </groups>
    <test started-at="2023-11-14T21:07:51 IST" name="Test1" finished-at="2023-11-14T21:09:30 IST" duration-ms="99236">
      <class name="com.testcases.VendorPortalTest">
        <test-method is-config="true" signature="getDriver()[pri:0, instance:com.testcases.VendorPortalTest@41709512]" started-at="2023-11-14T21:07:51 IST" name="getDriver" finished-at="2023-11-14T21:09:12 IST" duration-ms="81810" status="PASS">
          <reporter-output>
          </reporter-output>
        </test-method> <!-- getDriver -->
        <test-method is-config="true" signature="setparavalues(java.lang.String,java.lang.String,java.lang.String,int)[pri:0, instance:com.testcases.VendorPortalTest@41709512]" started-at="2023-11-14T21:09:12 IST" name="setparavalues" finished-at="2023-11-14T21:09:13 IST" depends-on-methods="com.base.BaseTest.getDriver" duration-ms="89" status="PASS">
          <params>
            <param index="0">
              <value>
                <![CDATA[sam]]>
              </value>
            </param>
            <param index="1">
              <value>
                <![CDATA[sam]]>
              </value>
            </param>
            <param index="2">
              <value>
                <![CDATA[adams]]>
              </value>
            </param>
            <param index="3">
              <value>
                <![CDATA[8]]>
              </value>
            </param>
          </params>
          <reporter-output>
          </reporter-output>
        </test-method> <!-- setparavalues -->
        <test-method signature="loginTest()[pri:0, instance:com.testcases.VendorPortalTest@41709512]" started-at="2023-11-14T21:09:13 IST" name="loginTest" finished-at="2023-11-14T21:09:19 IST" duration-ms="6282" status="PASS">
          <reporter-output>
          </reporter-output>
        </test-method> <!-- loginTest -->
        <test-method signature="DashboardTest()[pri:0, instance:com.testcases.VendorPortalTest@41709512]" started-at="2023-11-14T21:09:19 IST" name="DashboardTest" finished-at="2023-11-14T21:09:27 IST" depends-on-methods="com.testcases.VendorPortalTest.loginTest" duration-ms="7544" status="PASS">
          <reporter-output>
          </reporter-output>
        </test-method> <!-- DashboardTest -->
        <test-method signature="logOut()[pri:0, instance:com.testcases.VendorPortalTest@41709512]" started-at="2023-11-14T21:09:27 IST" name="logOut" finished-at="2023-11-14T21:09:28 IST" depends-on-methods="com.testcases.VendorPortalTest.DashboardTest" duration-ms="1716" status="PASS">
          <reporter-output>
          </reporter-output>
        </test-method> <!-- logOut -->
        <test-method is-config="true" signature="quitDriver()[pri:0, instance:com.testcases.VendorPortalTest@41709512]" started-at="2023-11-14T21:09:28 IST" name="quitDriver" finished-at="2023-11-14T21:09:30 IST" duration-ms="1500" status="PASS">
          <reporter-output>
          </reporter-output>
        </test-method> <!-- quitDriver -->
      </class> <!-- com.testcases.VendorPortalTest -->
    </test> <!-- Test1 -->
    <test started-at="2023-11-14T21:09:30 IST" name="Test2" finished-at="2023-11-14T21:09:53 IST" duration-ms="22795">
      <class name="com.testcases.VendorPortalTest">
        <test-method is-config="true" signature="getDriver()[pri:0, instance:com.testcases.VendorPortalTest@79517588]" started-at="2023-11-14T21:09:30 IST" name="getDriver" finished-at="2023-11-14T21:09:36 IST" duration-ms="5325" status="PASS">
          <reporter-output>
          </reporter-output>
        </test-method> <!-- getDriver -->
        <test-method is-config="true" signature="setparavalues(java.lang.String,java.lang.String,java.lang.String,int)[pri:0, instance:com.testcases.VendorPortalTest@79517588]" started-at="2023-11-14T21:09:36 IST" name="setparavalues" finished-at="2023-11-14T21:09:36 IST" depends-on-methods="com.base.BaseTest.getDriver" duration-ms="0" status="PASS">
          <params>
            <param index="0">
              <value>
                <![CDATA[mike]]>
              </value>
            </param>
            <param index="1">
              <value>
                <![CDATA[mike]]>
              </value>
            </param>
            <param index="2">
              <value>
                <![CDATA[jen]]>
              </value>
            </param>
            <param index="3">
              <value>
                <![CDATA[4]]>
              </value>
            </param>
          </params>
          <reporter-output>
          </reporter-output>
        </test-method> <!-- setparavalues -->
        <test-method signature="loginTest()[pri:0, instance:com.testcases.VendorPortalTest@79517588]" started-at="2023-11-14T21:09:36 IST" name="loginTest" finished-at="2023-11-14T21:09:44 IST" duration-ms="8273" status="PASS">
          <reporter-output>
          </reporter-output>
        </test-method> <!-- loginTest -->
        <test-method signature="DashboardTest()[pri:0, instance:com.testcases.VendorPortalTest@79517588]" started-at="2023-11-14T21:09:44 IST" name="DashboardTest" finished-at="2023-11-14T21:09:50 IST" depends-on-methods="com.testcases.VendorPortalTest.loginTest" duration-ms="6444" status="PASS">
          <reporter-output>
          </reporter-output>
        </test-method> <!-- DashboardTest -->
        <test-method signature="logOut()[pri:0, instance:com.testcases.VendorPortalTest@79517588]" started-at="2023-11-14T21:09:50 IST" name="logOut" finished-at="2023-11-14T21:09:52 IST" depends-on-methods="com.testcases.VendorPortalTest.DashboardTest" duration-ms="1365" status="PASS">
          <reporter-output>
          </reporter-output>
        </test-method> <!-- logOut -->
        <test-method is-config="true" signature="quitDriver()[pri:0, instance:com.testcases.VendorPortalTest@79517588]" started-at="2023-11-14T21:09:52 IST" name="quitDriver" finished-at="2023-11-14T21:09:53 IST" duration-ms="1366" status="PASS">
          <reporter-output>
          </reporter-output>
        </test-method> <!-- quitDriver -->
      </class> <!-- com.testcases.VendorPortalTest -->
    </test> <!-- Test2 -->
    <test started-at="2023-11-14T21:09:53 IST" name="Test3" finished-at="2023-11-14T21:10:17 IST" duration-ms="23435">
      <class name="com.testcases.VendorPortalTest">
        <test-method is-config="true" signature="getDriver()[pri:0, instance:com.testcases.VendorPortalTest@7ac0e420]" started-at="2023-11-14T21:09:53 IST" name="getDriver" finished-at="2023-11-14T21:09:59 IST" duration-ms="5385" status="PASS">
          <reporter-output>
          </reporter-output>
        </test-method> <!-- getDriver -->
        <test-method is-config="true" signature="setparavalues(java.lang.String,java.lang.String,java.lang.String,int)[pri:0, instance:com.testcases.VendorPortalTest@7ac0e420]" started-at="2023-11-14T21:09:59 IST" name="setparavalues" finished-at="2023-11-14T21:09:59 IST" depends-on-methods="com.base.BaseTest.getDriver" duration-ms="0" status="PASS">
          <params>
            <param index="0">
              <value>
                <![CDATA[john]]>
              </value>
            </param>
            <param index="1">
              <value>
                <![CDATA[john]]>
              </value>
            </param>
            <param index="2">
              <value>
                <![CDATA[ge]]>
              </value>
            </param>
            <param index="3">
              <value>
                <![CDATA[11]]>
              </value>
            </param>
          </params>
          <reporter-output>
          </reporter-output>
        </test-method> <!-- setparavalues -->
        <test-method signature="loginTest()[pri:0, instance:com.testcases.VendorPortalTest@7ac0e420]" started-at="2023-11-14T21:09:59 IST" name="loginTest" finished-at="2023-11-14T21:10:06 IST" duration-ms="7093" status="PASS">
          <reporter-output>
          </reporter-output>
        </test-method> <!-- loginTest -->
        <test-method signature="DashboardTest()[pri:0, instance:com.testcases.VendorPortalTest@7ac0e420]" started-at="2023-11-14T21:10:06 IST" name="DashboardTest" finished-at="2023-11-14T21:10:13 IST" depends-on-methods="com.testcases.VendorPortalTest.loginTest" duration-ms="7163" status="PASS">
          <reporter-output>
          </reporter-output>
        </test-method> <!-- DashboardTest -->
        <test-method signature="logOut()[pri:0, instance:com.testcases.VendorPortalTest@7ac0e420]" started-at="2023-11-14T21:10:13 IST" name="logOut" finished-at="2023-11-14T21:10:15 IST" depends-on-methods="com.testcases.VendorPortalTest.DashboardTest" duration-ms="1535" status="PASS">
          <reporter-output>
          </reporter-output>
        </test-method> <!-- logOut -->
        <test-method is-config="true" signature="quitDriver()[pri:0, instance:com.testcases.VendorPortalTest@7ac0e420]" started-at="2023-11-14T21:10:15 IST" name="quitDriver" finished-at="2023-11-14T21:10:17 IST" duration-ms="2242" status="PASS">
          <reporter-output>
          </reporter-output>
        </test-method> <!-- quitDriver -->
      </class> <!-- com.testcases.VendorPortalTest -->
    </test> <!-- Test3 -->
  </suite> <!-- Vendor Suite -->
</testng-results>
