<?xml version="1.0" encoding="UTF-8"?>
<!-- Generated by org.testng.reporters.JUnitXMLReporter -->
<testsuite ignored="0" hostname="DESKTOP-HMKMG6M" failures="0" tests="3" name="Test3" time="39.138" errors="0" timestamp="2023-11-01T23:38:24 IST">
  <testcase classname="com.testcases.VendorPortalTest" name="loginTest" time="21.245"/>
  <testcase classname="com.testcases.VendorPortalTest" name="DashboardTest" time="7.371"/>
  <testcase classname="com.testcases.VendorPortalTest" name="logOut" time="1.508"/>
</testsuite> <!-- Test3 -->
