<?xml version="1.0" encoding="UTF-8"?>
<!-- Generated by org.testng.reporters.JUnitXMLReporter -->
<testsuite ignored="0" hostname="DESKTOP-HMKMG6M" failures="0" tests="3" name="Test1" time="26.706" errors="0" timestamp="2023-11-01T23:37:19 IST">
  <testcase classname="com.testcases.VendorPortalTest" name="loginTest" time="6.117"/>
  <testcase classname="com.testcases.VendorPortalTest" name="DashboardTest" time="7.953"/>
  <testcase classname="com.testcases.VendorPortalTest" name="logOut" time="1.783"/>
</testsuite> <!-- Test1 -->
