<?xml version="1.0" encoding="UTF-8"?>
<testng-results ignored="0" total="9" passed="9" failed="0" skipped="0">
  <reporter-output>
  </reporter-output>
  <suite started-at="2023-11-01T23:36:52 IST" name="Vendor Suite" finished-at="2023-11-01T23:38:24 IST" duration-ms="91838">
    <groups>
    </groups>
    <test started-at="2023-11-01T23:36:52 IST" name="Test1" finished-at="2023-11-01T23:37:19 IST" duration-ms="26706">
      <class name="com.testcases.VendorPortalTest">
        <test-method is-config="true" signature="getDriver()[pri:0, instance:com.testcases.VendorPortalTest@48aca48b]" started-at="2023-11-01T23:36:52 IST" name="getDriver" finished-at="2023-11-01T23:37:02 IST" duration-ms="9939" status="PASS">
          <reporter-output>
          </reporter-output>
        </test-method> <!-- getDriver -->
        <test-method is-config="true" signature="setparavalues(java.lang.String,java.lang.String,java.lang.String,int)[pri:0, instance:com.testcases.VendorPortalTest@48aca48b]" started-at="2023-11-01T23:37:02 IST" name="setparavalues" finished-at="2023-11-01T23:37:02 IST" depends-on-methods="com.base.BaseTest.getDriver" duration-ms="11" status="PASS">
          <params>
            <param index="0">
              <value>
                <![CDATA[sam]]>
              </value>
            </param>
            <param index="1">
              <value>
                <![CDATA[sam]]>
              </value>
            </param>
            <param index="2">
              <value>
                <![CDATA[adams]]>
              </value>
            </param>
            <param index="3">
              <value>
                <![CDATA[8]]>
              </value>
            </param>
          </params>
          <reporter-output>
          </reporter-output>
        </test-method> <!-- setparavalues -->
        <test-method signature="loginTest()[pri:0, instance:com.testcases.VendorPortalTest@48aca48b]" started-at="2023-11-01T23:37:03 IST" name="loginTest" finished-at="2023-11-01T23:37:09 IST" duration-ms="6117" status="PASS">
          <reporter-output>
          </reporter-output>
        </test-method> <!-- loginTest -->
        <test-method signature="DashboardTest()[pri:0, instance:com.testcases.VendorPortalTest@48aca48b]" started-at="2023-11-01T23:37:09 IST" name="DashboardTest" finished-at="2023-11-01T23:37:17 IST" depends-on-methods="com.testcases.VendorPortalTest.loginTest" duration-ms="7953" status="PASS">
          <reporter-output>
          </reporter-output>
        </test-method> <!-- DashboardTest -->
        <test-method signature="logOut()[pri:0, instance:com.testcases.VendorPortalTest@48aca48b]" started-at="2023-11-01T23:37:17 IST" name="logOut" finished-at="2023-11-01T23:37:18 IST" depends-on-methods="com.testcases.VendorPortalTest.DashboardTest" duration-ms="1783" status="PASS">
          <reporter-output>
          </reporter-output>
        </test-method> <!-- logOut -->
        <test-method is-config="true" signature="quitDriver()[pri:0, instance:com.testcases.VendorPortalTest@48aca48b]" started-at="2023-11-01T23:37:18 IST" name="quitDriver" finished-at="2023-11-01T23:37:19 IST" duration-ms="780" status="PASS">
          <reporter-output>
          </reporter-output>
        </test-method> <!-- quitDriver -->
      </class> <!-- com.testcases.VendorPortalTest -->
    </test> <!-- Test1 -->
    <test started-at="2023-11-01T23:37:19 IST" name="Test2" finished-at="2023-11-01T23:37:45 IST" duration-ms="25886">
      <class name="com.testcases.VendorPortalTest">
        <test-method is-config="true" signature="getDriver()[pri:0, instance:com.testcases.VendorPortalTest@3c77d488]" started-at="2023-11-01T23:37:19 IST" name="getDriver" finished-at="2023-11-01T23:37:25 IST" duration-ms="6234" status="PASS">
          <reporter-output>
          </reporter-output>
        </test-method> <!-- getDriver -->
        <test-method is-config="true" signature="setparavalues(java.lang.String,java.lang.String,java.lang.String,int)[pri:0, instance:com.testcases.VendorPortalTest@3c77d488]" started-at="2023-11-01T23:37:25 IST" name="setparavalues" finished-at="2023-11-01T23:37:25 IST" depends-on-methods="com.base.BaseTest.getDriver" duration-ms="0" status="PASS">
          <params>
            <param index="0">
              <value>
                <![CDATA[mike]]>
              </value>
            </param>
            <param index="1">
              <value>
                <![CDATA[mike]]>
              </value>
            </param>
            <param index="2">
              <value>
                <![CDATA[jen]]>
              </value>
            </param>
            <param index="3">
              <value>
                <![CDATA[4]]>
              </value>
            </param>
          </params>
          <reporter-output>
          </reporter-output>
        </test-method> <!-- setparavalues -->
        <test-method signature="loginTest()[pri:0, instance:com.testcases.VendorPortalTest@3c77d488]" started-at="2023-11-01T23:37:25 IST" name="loginTest" finished-at="2023-11-01T23:37:31 IST" duration-ms="5636" status="PASS">
          <reporter-output>
          </reporter-output>
        </test-method> <!-- loginTest -->
        <test-method signature="DashboardTest()[pri:0, instance:com.testcases.VendorPortalTest@3c77d488]" started-at="2023-11-01T23:37:31 IST" name="DashboardTest" finished-at="2023-11-01T23:37:38 IST" depends-on-methods="com.testcases.VendorPortalTest.loginTest" duration-ms="6683" status="PASS">
          <reporter-output>
          </reporter-output>
        </test-method> <!-- DashboardTest -->
        <test-method signature="logOut()[pri:0, instance:com.testcases.VendorPortalTest@3c77d488]" started-at="2023-11-01T23:37:38 IST" name="logOut" finished-at="2023-11-01T23:37:40 IST" depends-on-methods="com.testcases.VendorPortalTest.DashboardTest" duration-ms="2312" status="PASS">
          <reporter-output>
          </reporter-output>
        </test-method> <!-- logOut -->
        <test-method is-config="true" signature="quitDriver()[pri:0, instance:com.testcases.VendorPortalTest@3c77d488]" started-at="2023-11-01T23:37:40 IST" name="quitDriver" finished-at="2023-11-01T23:37:45 IST" duration-ms="4986" status="PASS">
          <reporter-output>
          </reporter-output>
        </test-method> <!-- quitDriver -->
      </class> <!-- com.testcases.VendorPortalTest -->
    </test> <!-- Test2 -->
    <test started-at="2023-11-01T23:37:45 IST" name="Test3" finished-at="2023-11-01T23:38:24 IST" duration-ms="39138">
      <class name="com.testcases.VendorPortalTest">
        <test-method is-config="true" signature="getDriver()[pri:0, instance:com.testcases.VendorPortalTest@2ddc9a9f]" started-at="2023-11-01T23:37:45 IST" name="getDriver" finished-at="2023-11-01T23:37:54 IST" duration-ms="8472" status="PASS">
          <reporter-output>
          </reporter-output>
        </test-method> <!-- getDriver -->
        <test-method is-config="true" signature="setparavalues(java.lang.String,java.lang.String,java.lang.String,int)[pri:0, instance:com.testcases.VendorPortalTest@2ddc9a9f]" started-at="2023-11-01T23:37:54 IST" name="setparavalues" finished-at="2023-11-01T23:37:54 IST" depends-on-methods="com.base.BaseTest.getDriver" duration-ms="1" status="PASS">
          <params>
            <param index="0">
              <value>
                <![CDATA[john]]>
              </value>
            </param>
            <param index="1">
              <value>
                <![CDATA[john]]>
              </value>
            </param>
            <param index="2">
              <value>
                <![CDATA[ge]]>
              </value>
            </param>
            <param index="3">
              <value>
                <![CDATA[11]]>
              </value>
            </param>
          </params>
          <reporter-output>
          </reporter-output>
        </test-method> <!-- setparavalues -->
        <test-method signature="loginTest()[pri:0, instance:com.testcases.VendorPortalTest@2ddc9a9f]" started-at="2023-11-01T23:37:54 IST" name="loginTest" finished-at="2023-11-01T23:38:15 IST" duration-ms="21245" status="PASS">
          <reporter-output>
          </reporter-output>
        </test-method> <!-- loginTest -->
        <test-method signature="DashboardTest()[pri:0, instance:com.testcases.VendorPortalTest@2ddc9a9f]" started-at="2023-11-01T23:38:15 IST" name="DashboardTest" finished-at="2023-11-01T23:38:22 IST" depends-on-methods="com.testcases.VendorPortalTest.loginTest" duration-ms="7371" status="PASS">
          <reporter-output>
          </reporter-output>
        </test-method> <!-- DashboardTest -->
        <test-method signature="logOut()[pri:0, instance:com.testcases.VendorPortalTest@2ddc9a9f]" started-at="2023-11-01T23:38:22 IST" name="logOut" finished-at="2023-11-01T23:38:24 IST" depends-on-methods="com.testcases.VendorPortalTest.DashboardTest" duration-ms="1508" status="PASS">
          <reporter-output>
          </reporter-output>
        </test-method> <!-- logOut -->
        <test-method is-config="true" signature="quitDriver()[pri:0, instance:com.testcases.VendorPortalTest@2ddc9a9f]" started-at="2023-11-01T23:38:24 IST" name="quitDriver" finished-at="2023-11-01T23:38:24 IST" duration-ms="529" status="PASS">
          <reporter-output>
          </reporter-output>
        </test-method> <!-- quitDriver -->
      </class> <!-- com.testcases.VendorPortalTest -->
    </test> <!-- Test3 -->
  </suite> <!-- Vendor Suite -->
</testng-results>
