<?xml version="1.0" encoding="UTF-8"?>
<!-- Generated by org.testng.reporters.JUnitXMLReporter -->
<testsuite ignored="0" hostname="DESKTOP-HMKMG6M" failures="0" tests="3" name="Test1" time="99.236" errors="0" timestamp="2023-11-14T21:09:30 IST">
  <testcase classname="com.testcases.VendorPortalTest" name="loginTest" time="6.282"/>
  <testcase classname="com.testcases.VendorPortalTest" name="DashboardTest" time="7.544"/>
  <testcase classname="com.testcases.VendorPortalTest" name="logOut" time="1.716"/>
</testsuite> <!-- Test1 -->
